04/18/18 00:38:08 v1.34.5 @ P4V1, 
04/18/18 00:38:08 v1.34.5 @ P4V1, ****************************
04/18/18 00:38:08 v1.34.5 @ P4V1, Starting factorization of 178792656743422116989176665441321609908765654043152089986476395414318909876736227344986723894911743399562478500075230045256750897612013426565178770078484605271
04/18/18 00:38:08 v1.34.5 @ P4V1, using pretesting plan: normal
04/18/18 00:38:08 v1.34.5 @ P4V1, no tune info: using qs/gnfs crossover of 95 digits
04/18/18 00:38:08 v1.34.5 @ P4V1, ****************************
04/18/18 00:38:08 v1.34.5 @ P4V1, Fermat method found factors:
04/18/18 00:38:08 v1.34.5 @ P4V1, prp80 = 13371337133713371337133713371337133713371337133713371337133713371337133731171757
04/18/18 00:38:08 v1.34.5 @ P4V1, prp80 = 13371337133713371337133713371337133713371337133713371337133713371337133713370003
04/18/18 00:38:08 v1.34.5 @ P4V1, Total factoring time = 0.1142 seconds
04/18/18 00:38:38 v1.34.5 @ P4V1, 
04/18/18 00:38:38 v1.34.5 @ P4V1, ****************************
04/18/18 00:38:38 v1.34.5 @ P4V1, Starting factorization of 178792656743422116989176665441321609908765654043152089986476395414318909876736227344986723894911743399562478500075230045256750897612013426565178770078484605271
04/18/18 00:38:38 v1.34.5 @ P4V1, using pretesting plan: normal
04/18/18 00:38:38 v1.34.5 @ P4V1, no tune info: using qs/gnfs crossover of 95 digits
04/18/18 00:38:38 v1.34.5 @ P4V1, ****************************
04/18/18 00:38:38 v1.34.5 @ P4V1, Fermat method found factors:
04/18/18 00:38:38 v1.34.5 @ P4V1, prp80 = 13371337133713371337133713371337133713371337133713371337133713371337133731171757
04/18/18 00:38:38 v1.34.5 @ P4V1, prp80 = 13371337133713371337133713371337133713371337133713371337133713371337133713370003
04/18/18 00:38:38 v1.34.5 @ P4V1, Total factoring time = 0.1208 seconds
