04/18/18 00:38:08 v1.34.5 @ P4V1, System/Build Info: 
Using GMP-ECM 6.3, Powered by GMP 5.1.1
cached 78498 primes. pmax = 999983
detected Intel(R) Core(TM) i7-7500U CPU @ 2.70GHz
detected L1 = 32768 bytes, L2 = 4194304 bytes, CL = 64 bytes
measured cpu frequency ~= 2903.967330
using 20 random witnesses for Rabin-Miller PRP checks

04/18/18 00:38:08 v1.34.5 @ P4V1, New random seeds: 664327858, 202643248

04/18/18 00:38:08 v1.34.5 @ P4V1, Processing expression: factor(178792656743422116989176665441321609908765654043152089986476395414318909876736227344986723894911743399562478500075230045256750897612013426565178770078484605271)

04/18/18 00:38:38 v1.34.5 @ P4V1, System/Build Info: 
Using GMP-ECM 6.3, Powered by GMP 5.1.1
cached 78498 primes. pmax = 999983
detected Intel(R) Core(TM) i7-7500U CPU @ 2.70GHz
detected L1 = 32768 bytes, L2 = 4194304 bytes, CL = 64 bytes
measured cpu frequency ~= 2903.955890
using 20 random witnesses for Rabin-Miller PRP checks

04/18/18 00:38:38 v1.34.5 @ P4V1, New random seeds: 1834583151, 3584149856

04/18/18 00:38:38 v1.34.5 @ P4V1, Processing expression: factor(178792656743422116989176665441321609908765654043152089986476395414318909876736227344986723894911743399562478500075230045256750897612013426565178770078484605271)

04/18/18 19:22:32 v1.34.5 @ P4V1, System/Build Info: 
Using GMP-ECM 6.3, Powered by GMP 5.1.1
cached 78498 primes. pmax = 999983
detected Intel(R) Core(TM) i7-7500U CPU @ 2.70GHz
detected L1 = 32768 bytes, L2 = 4194304 bytes, CL = 64 bytes
measured cpu frequency ~= 2903.976750
using 20 random witnesses for Rabin-Miller PRP checks

04/18/18 19:22:32 v1.34.5 @ P4V1, New random seeds: 598202181, 1188736928

04/18/18 19:22:32 v1.34.5 @ P4V1, Processing expression: factor(149031703201500381027616764203281453860141170611478218740674969552721888055484395279632407844387543850422985184279009957532124104289897156276932574345255615273265548137476882255601447288357096422479708921434339058687548794785906233672779854426315299001363667609638009718752236189397241159317979859230120858809)

