10/22/17 20:56:09 v1.34.5 @ P4V1, System/Build Info: 
Using GMP-ECM 6.3, Powered by GMP 5.1.1
cached 78498 primes. pmax = 999983
detected Intel(R) Core(TM) i7-7500U CPU @ 2.70GHz
detected L1 = 32768 bytes, L2 = 4194304 bytes, CL = 64 bytes
measured cpu frequency ~= 2903.952470
using 20 random witnesses for Rabin-Miller PRP checks

10/22/17 20:56:09 v1.34.5 @ P4V1, New random seeds: 1575371023, 474756760

10/22/17 20:56:09 v1.34.5 @ P4V1, Processing expression: factor(171996052064283111843964589052488861849)

10/22/17 20:56:31 v1.34.5 @ P4V1, System/Build Info: 
Using GMP-ECM 6.3, Powered by GMP 5.1.1
cached 78498 primes. pmax = 999983
detected Intel(R) Core(TM) i7-7500U CPU @ 2.70GHz
detected L1 = 32768 bytes, L2 = 4194304 bytes, CL = 64 bytes
measured cpu frequency ~= 2903.952990
using 20 random witnesses for Rabin-Miller PRP checks

10/22/17 20:56:31 v1.34.5 @ P4V1, New random seeds: 2819490639, 2360684280

10/22/17 20:56:31 v1.34.5 @ P4V1, Processing expression: factor(1062298437646102178982125849777616556940568446813929092985586137589152470725381990531187697078820602673983926292915001934764080223025406544777312096563547373014612492919701398580259368151634974370089837459356819607567494260480572449)

11/24/17 23:25:49 v1.34.5 @ P4V1, System/Build Info: 
Using GMP-ECM 6.3, Powered by GMP 5.1.1
cached 78498 primes. pmax = 999983
detected Intel(R) Core(TM) i7-7500U CPU @ 2.70GHz
detected L1 = 32768 bytes, L2 = 4194304 bytes, CL = 64 bytes
measured cpu frequency ~= 2913.536090
using 20 random witnesses for Rabin-Miller PRP checks

11/24/17 23:25:49 v1.34.5 @ P4V1, New random seeds: 2867464066, 1975339720

11/24/17 23:25:49 v1.34.5 @ P4V1, Processing expression: factor(542800573380084826910381)

12/02/17 15:24:28 v1.34.5 @ P4V1, System/Build Info: 
Using GMP-ECM 6.3, Powered by GMP 5.1.1
cached 78498 primes. pmax = 999983
detected Intel(R) Core(TM) i7-7500U CPU @ 2.70GHz
detected L1 = 32768 bytes, L2 = 4194304 bytes, CL = 64 bytes
measured cpu frequency ~= 2903.970860
using 20 random witnesses for Rabin-Miller PRP checks

12/02/17 15:24:28 v1.34.5 @ P4V1, New random seeds: 2760892036, 1394463664

12/02/17 15:24:28 v1.34.5 @ P4V1, Processing expression: factor(65561)

12/02/17 15:36:39 v1.34.5 @ P4V1, System/Build Info: 
Using GMP-ECM 6.3, Powered by GMP 5.1.1
cached 78498 primes. pmax = 999983
detected Intel(R) Core(TM) i7-7500U CPU @ 2.70GHz
detected L1 = 32768 bytes, L2 = 4194304 bytes, CL = 64 bytes
measured cpu frequency ~= 2903.946980
using 20 random witnesses for Rabin-Miller PRP checks

12/02/17 15:36:39 v1.34.5 @ P4V1, New random seeds: 560582455, 3817121048

12/02/17 15:36:39 v1.34.5 @ P4V1, Processing expression: factor(1230186684530117755130494958384962720772853569595334792197322452151726400507263657518745202199786469389956474942774063845925192557326303453731548268507917026122142913461670429214311602221240479274737794080665351419597459856902143413)

12/03/17 01:52:18 v1.34.5 @ P4V1, System/Build Info: 
Using GMP-ECM 6.3, Powered by GMP 5.1.1
cached 78498 primes. pmax = 999983
detected Intel(R) Core(TM) i7-7500U CPU @ 2.70GHz
detected L1 = 32768 bytes, L2 = 4194304 bytes, CL = 64 bytes
measured cpu frequency ~= 2903.974940
using 20 random witnesses for Rabin-Miller PRP checks

12/03/17 01:52:18 v1.34.5 @ P4V1, New random seeds: 3163052383, 1492058472

12/03/17 01:52:18 v1.34.5 @ P4V1, Processing expression: factor(11752848682778940016535503659775749977226770133614452861836208325736151376380623883179011365571588288171872533249183083152884658185272486338400132922512214995576218728266094370826784179177284932519682299252713590739032247408702265637233673757413580345474)

12/03/17 02:29:14 v1.34.5 @ P4V1, System/Build Info: 
Using GMP-ECM 6.3, Powered by GMP 5.1.1
cached 78498 primes. pmax = 999983
detected Intel(R) Core(TM) i7-7500U CPU @ 2.70GHz
detected L1 = 32768 bytes, L2 = 4194304 bytes, CL = 64 bytes
measured cpu frequency ~= 2903.960650
using 20 random witnesses for Rabin-Miller PRP checks

12/03/17 02:29:14 v1.34.5 @ P4V1, New random seeds: 1044101523, 1439860824

12/03/17 02:29:14 v1.34.5 @ P4V1, Processing expression: factor(15012609384250219874677875435291183380996259887801084362959689829793222820134760849765791998362570297144822180464823226497176797573924507385893298639389936970609654009208449211712524653396481688098765049753795004757286133915930065553473346650316038234942894495434455505706415219264874108132945199942497009318662312261285017458955601407708432421306656177311165962626469501149556920141649893075576065182442722565993670091384298304208560718934089830554216153181578651271817639734178379386792901071212521730951208634247651506838688837039218543506015273510119988575723357218697432626850682052021919641749097620521669376865644271405225686919943046358746932323787615218639765186753354460963203088883514851667268021038592274551957739329067941888)

12/03/17 03:20:48 v1.34.5 @ P4V1, System/Build Info: 
Using GMP-ECM 6.3, Powered by GMP 5.1.1
cached 78498 primes. pmax = 999983
detected Intel(R) Core(TM) i7-7500U CPU @ 2.70GHz
detected L1 = 32768 bytes, L2 = 4194304 bytes, CL = 64 bytes
measured cpu frequency ~= 2903.960780
using 20 random witnesses for Rabin-Miller PRP checks

12/03/17 03:20:48 v1.34.5 @ P4V1, New random seeds: 76042107, 2455447720

12/03/17 03:20:48 v1.34.5 @ P4V1, Processing expression: factor(931866231226128501745895560140770843242130665617731116596262646950114955692014164989307557606518244272256599367)

12/03/17 03:22:31 v1.34.5 @ P4V1, System/Build Info: 
Using GMP-ECM 6.3, Powered by GMP 5.1.1
cached 78498 primes. pmax = 999983
detected Intel(R) Core(TM) i7-7500U CPU @ 2.70GHz
detected L1 = 32768 bytes, L2 = 4194304 bytes, CL = 64 bytes
measured cpu frequency ~= 2903.981190
using 20 random witnesses for Rabin-Miller PRP checks

12/03/17 03:22:31 v1.34.5 @ P4V1, New random seeds: 2493094336, 945117096

12/03/17 03:22:31 v1.34.5 @ P4V1, Processing expression: factor(65553473346650316038234942894495434455505706415219264874108132945199942497)

12/03/17 03:23:09 v1.34.5 @ P4V1, System/Build Info: 
Using GMP-ECM 6.3, Powered by GMP 5.1.1
cached 78498 primes. pmax = 999983
detected Intel(R) Core(TM) i7-7500U CPU @ 2.70GHz
detected L1 = 32768 bytes, L2 = 4194304 bytes, CL = 64 bytes
measured cpu frequency ~= 2903.966650
using 20 random witnesses for Rabin-Miller PRP checks

12/03/17 03:23:09 v1.34.5 @ P4V1, New random seeds: 556545970, 1784820104

12/03/17 03:23:09 v1.34.5 @ P4V1, Processing expression: factor(65553473346650316038234942894495434455505706415219264874108132945199942497)

12/03/17 03:27:14 v1.34.5 @ P4V1, System/Build Info: 
Using GMP-ECM 6.3, Powered by GMP 5.1.1
cached 78498 primes. pmax = 999983
detected Intel(R) Core(TM) i7-7500U CPU @ 2.70GHz
detected L1 = 32768 bytes, L2 = 4194304 bytes, CL = 64 bytes
measured cpu frequency ~= 2903.975010
using 20 random witnesses for Rabin-Miller PRP checks

12/03/17 03:27:14 v1.34.5 @ P4V1, New random seeds: 1750715902, 1155042848

12/03/17 03:27:14 v1.34.5 @ P4V1, Processing expression: factor(91384298304208560718934089830554216153181578651271817639734178379386792901071212521730951208634247651506838688837039218543506015273510119988575723357218697432626850682052021919641749097620521669376865644271405225686919943046358746932323787615218639765186753354460963203088883514851667268021038592274551957739329067941888)

12/03/17 14:16:19 v1.34.5 @ P4V1, System/Build Info: 
Using GMP-ECM 6.3, Powered by GMP 5.1.1
cached 78498 primes. pmax = 999983
detected Intel(R) Core(TM) i7-7500U CPU @ 2.70GHz
detected L1 = 32768 bytes, L2 = 4194304 bytes, CL = 64 bytes
measured cpu frequency ~= 2903.872050
using 20 random witnesses for Rabin-Miller PRP checks

12/03/17 14:16:19 v1.34.5 @ P4V1, New random seeds: 620074159, 3028494080

12/03/17 14:16:19 v1.34.5 @ P4V1, Processing expression: factor(91384298304208560718934089830554216153181578651271817639734178379386792901071212521730951208634247651506838688837039218543506015273510119988575723357218697432626850682052021919641749097620521669376865644271405225686919943046358746932323787615218639765186753354460963203088883514851667268021038592274551957739329067941888)

12/03/17 14:22:46 v1.34.5 @ P4V1, System/Build Info: 
Using GMP-ECM 6.3, Powered by GMP 5.1.1
cached 78498 primes. pmax = 999983
detected Intel(R) Core(TM) i7-7500U CPU @ 2.70GHz
detected L1 = 32768 bytes, L2 = 4194304 bytes, CL = 64 bytes
measured cpu frequency ~= 2904.026840
using 20 random witnesses for Rabin-Miller PRP checks

12/03/17 14:22:46 v1.34.5 @ P4V1, New random seeds: 881729832, 1183416920

12/03/17 14:22:46 v1.34.5 @ P4V1, Processing expression: factor(931866231226128501745895560140770843242130665617731116596262646950114955692014164989307557606518244272256599367)

12/03/17 16:09:07 v1.34.5 @ P4V1, System/Build Info: 
Using GMP-ECM 6.3, Powered by GMP 5.1.1
cached 78498 primes. pmax = 999983
detected Intel(R) Core(TM) i7-7500U CPU @ 2.70GHz
detected L1 = 32768 bytes, L2 = 4194304 bytes, CL = 64 bytes
measured cpu frequency ~= 2903.974710
using 20 random witnesses for Rabin-Miller PRP checks

12/03/17 16:09:07 v1.34.5 @ P4V1, New random seeds: 415605018, 4100818648

12/03/17 16:09:07 v1.34.5 @ P4V1, Processing expression: factor(6042658905526422401554086245907021663378205180120458316404364558912276150255949537237034099579080012578254361831444988246749725036888264210762091337858988561580036383278535216069683475110645108758905581292484591)

12/15/17 22:58:14 v1.34.5 @ P4V1, System/Build Info: 
Using GMP-ECM 6.3, Powered by GMP 5.1.1
cached 78498 primes. pmax = 999983
detected Intel(R) Core(TM) i7-7500U CPU @ 2.70GHz
detected L1 = 32768 bytes, L2 = 4194304 bytes, CL = 64 bytes
measured cpu frequency ~= 2903.971400
using 20 random witnesses for Rabin-Miller PRP checks

12/15/17 22:58:14 v1.34.5 @ P4V1, New random seeds: 3239852987, 3765108816

12/15/17 22:58:14 v1.34.5 @ P4V1, Processing expression: factor(107794757594075833151238056001942203657877423915508846053340735546290486113897)

12/16/17 14:59:59 v1.34.5 @ P4V1, System/Build Info: 
Using GMP-ECM 6.3, Powered by GMP 5.1.1
cached 78498 primes. pmax = 999983
detected Intel(R) Core(TM) i7-7500U CPU @ 2.70GHz
detected L1 = 32768 bytes, L2 = 4194304 bytes, CL = 64 bytes
measured cpu frequency ~= 2903.963520
using 20 random witnesses for Rabin-Miller PRP checks

12/16/17 14:59:59 v1.34.5 @ P4V1, New random seeds: 463699705, 666160952

12/16/17 15:09:22 v1.34.5 @ P4V1, System/Build Info: 
Using GMP-ECM 6.3, Powered by GMP 5.1.1
cached 78498 primes. pmax = 999983
detected Intel(R) Core(TM) i7-7500U CPU @ 2.70GHz
detected L1 = 32768 bytes, L2 = 4194304 bytes, CL = 64 bytes
measured cpu frequency ~= 2903.977030
using 20 random witnesses for Rabin-Miller PRP checks

12/16/17 15:09:22 v1.34.5 @ P4V1, New random seeds: 2315229967, 739919864

12/16/17 15:09:22 v1.34.5 @ P4V1, Processing expression: factr(1966398995498311774445664711694531151009590767211108609204317096702599234205347)

12/16/17 15:09:31 v1.34.5 @ P4V1, System/Build Info: 
Using GMP-ECM 6.3, Powered by GMP 5.1.1
cached 78498 primes. pmax = 999983
detected Intel(R) Core(TM) i7-7500U CPU @ 2.70GHz
detected L1 = 32768 bytes, L2 = 4194304 bytes, CL = 64 bytes
measured cpu frequency ~= 2903.989390
using 20 random witnesses for Rabin-Miller PRP checks

12/16/17 15:09:31 v1.34.5 @ P4V1, New random seeds: 639365350, 2880027744

12/16/17 15:09:31 v1.34.5 @ P4V1, Processing expression: factr(1o966398995498311774445664711694531151009590767211108609204317096702599234205347)

12/16/17 15:09:45 v1.34.5 @ P4V1, System/Build Info: 
Using GMP-ECM 6.3, Powered by GMP 5.1.1
cached 78498 primes. pmax = 999983
detected Intel(R) Core(TM) i7-7500U CPU @ 2.70GHz
detected L1 = 32768 bytes, L2 = 4194304 bytes, CL = 64 bytes
measured cpu frequency ~= 2903.981120
using 20 random witnesses for Rabin-Miller PRP checks

12/16/17 15:09:45 v1.34.5 @ P4V1, New random seeds: 3700393535, 231559144

12/16/17 15:09:45 v1.34.5 @ P4V1, Processing expression: factr(1oo96398995498311774445664711694531151009590767211108609204317096702599234205347)

12/16/17 15:10:01 v1.34.5 @ P4V1, System/Build Info: 
Using GMP-ECM 6.3, Powered by GMP 5.1.1
cached 78498 primes. pmax = 999983
detected Intel(R) Core(TM) i7-7500U CPU @ 2.70GHz
detected L1 = 32768 bytes, L2 = 4194304 bytes, CL = 64 bytes
measured cpu frequency ~= 2903.975930
using 20 random witnesses for Rabin-Miller PRP checks

12/16/17 15:10:01 v1.34.5 @ P4V1, New random seeds: 1319059259, 725168328

12/16/17 15:10:01 v1.34.5 @ P4V1, Processing expression: factor(1966398995498311774445664711694531151009590767211108609204317096702599234205347)

02/15/18 09:28:36 v1.34.5 @ P4V1, System/Build Info: 
Using GMP-ECM 6.3, Powered by GMP 5.1.1
cached 78498 primes. pmax = 999983
detected Intel(R) Core(TM) i7-7500U CPU @ 2.70GHz
detected L1 = 32768 bytes, L2 = 4194304 bytes, CL = 64 bytes
measured cpu frequency ~= 2903.983120
using 20 random witnesses for Rabin-Miller PRP checks

02/15/18 09:28:36 v1.34.5 @ P4V1, New random seeds: 3293607577, 3079459984

02/15/18 09:28:36 v1.34.5 @ P4V1, Processing expression: factor(13371337133713371337133713371337133713371337133713371337133713371337133713370003)

02/15/18 09:31:06 v1.34.5 @ P4V1, System/Build Info: 
Using GMP-ECM 6.3, Powered by GMP 5.1.1
cached 78498 primes. pmax = 999983
detected Intel(R) Core(TM) i7-7500U CPU @ 2.70GHz
detected L1 = 32768 bytes, L2 = 4194304 bytes, CL = 64 bytes
measured cpu frequency ~= 2903.953890
using 20 random witnesses for Rabin-Miller PRP checks

02/15/18 09:31:06 v1.34.5 @ P4V1, New random seeds: 3911815046, 3664982632

02/15/18 09:31:06 v1.34.5 @ P4V1, Processing expression: factor(13371337133713371337133713371337133713371337133713371337133713371337133713770343)

02/15/18 09:35:53 v1.34.5 @ P4V1, System/Build Info: 
Using GMP-ECM 6.3, Powered by GMP 5.1.1
cached 78498 primes. pmax = 999983
detected Intel(R) Core(TM) i7-7500U CPU @ 2.70GHz
detected L1 = 32768 bytes, L2 = 4194304 bytes, CL = 64 bytes
measured cpu frequency ~= 2903.966830
using 20 random witnesses for Rabin-Miller PRP checks

02/15/18 09:35:53 v1.34.5 @ P4V1, New random seeds: 3803923400, 2018483936

02/15/18 09:35:53 v1.34.5 @ P4V1, Processing expression: factor(13371337133713371337133713371337133713371337133713371337133713371337133731171757)

02/15/18 09:37:13 v1.34.5 @ P4V1, System/Build Info: 
Using GMP-ECM 6.3, Powered by GMP 5.1.1
cached 78498 primes. pmax = 999983
detected Intel(R) Core(TM) i7-7500U CPU @ 2.70GHz
detected L1 = 32768 bytes, L2 = 4194304 bytes, CL = 64 bytes
measured cpu frequency ~= 2903.970960
using 20 random witnesses for Rabin-Miller PRP checks

02/15/18 09:37:13 v1.34.5 @ P4V1, New random seeds: 914965905, 1046017104

02/15/18 09:37:13 v1.34.5 @ P4V1, Processing expression: factor(178792656743422116989176665441321609908765654043152089986476395414318909876736227344986723894911743399562478500075230045256750897612013426565178770078484605271)

02/15/18 10:05:05 v1.34.5 @ P4V1, System/Build Info: 
Using GMP-ECM 6.3, Powered by GMP 5.1.1
cached 78498 primes. pmax = 999983
detected Intel(R) Core(TM) i7-7500U CPU @ 2.70GHz
detected L1 = 32768 bytes, L2 = 4194304 bytes, CL = 64 bytes
measured cpu frequency ~= 2903.971140
using 20 random witnesses for Rabin-Miller PRP checks

02/15/18 10:05:05 v1.34.5 @ P4V1, New random seeds: 4270442604, 182484976

02/15/18 10:05:05 v1.34.5 @ P4V1, Processing expression: factor(25463358440556524980765950650165998791913209914398941043292028085270082370157742900096102715333981091621397959391798931129381996438863159439866185661308390325201773536606755669484476335682389238709901390872911992454493729991632198979087511943206118668958247366987398644836889035652148002440534320977104020931258255596956859285469333970656532273768991334767600995620089990872708220439884714109323155082983399756238887925376800422137372664900154299361838784707596442879773654878314539153003469186727257108274987632455666093779954261344821783876831224993978031361516508784580262978597720615680883403688701635726798671867)

02/15/18 10:08:49 v1.34.5 @ P4V1, System/Build Info: 
Using GMP-ECM 6.3, Powered by GMP 5.1.1
cached 78498 primes. pmax = 999983
detected Intel(R) Core(TM) i7-7500U CPU @ 2.70GHz
detected L1 = 32768 bytes, L2 = 4194304 bytes, CL = 64 bytes
measured cpu frequency ~= 2903.979670
using 20 random witnesses for Rabin-Miller PRP checks

02/15/18 10:08:49 v1.34.5 @ P4V1, New random seeds: 29501401, 2466703968

02/15/18 10:08:49 v1.34.5 @ P4V1, Processing expression: factor(178792656743422116989176665441321609908765654043152089986476395414318909876736227344986723894911743399562478500075230045256750897612013426565178770078484605271)

02/17/18 00:10:47 v1.34.5 @ P4V1, System/Build Info: 
Using GMP-ECM 6.3, Powered by GMP 5.1.1
cached 78498 primes. pmax = 999983
detected Intel(R) Core(TM) i7-7500U CPU @ 2.70GHz
detected L1 = 32768 bytes, L2 = 4194304 bytes, CL = 64 bytes
measured cpu frequency ~= 2903.965940
using 20 random witnesses for Rabin-Miller PRP checks

02/17/18 00:10:48 v1.34.5 @ P4V1, New random seeds: 562245900, 3579899224

02/17/18 00:10:48 v1.34.5 @ P4V1, Processing expression: factor(109765067287743547347068051916563247396312072633681549458222295819831116303726540744063224914879222024737572906451514190963837522161036906719615364412226129324176248131661408793388229223225663229915266782027908206640058835805543815172008872943671770113736018905952701500189580152812093796295555869648045713209)

02/23/18 06:04:34 v1.34.5 @ P4V1, System/Build Info: 
Using GMP-ECM 6.3, Powered by GMP 5.1.1
cached 78498 primes. pmax = 999983
detected Intel(R) Core(TM) i7-7500U CPU @ 2.70GHz
detected L1 = 32768 bytes, L2 = 4194304 bytes, CL = 64 bytes
measured cpu frequency ~= 2903.961700
using 20 random witnesses for Rabin-Miller PRP checks

02/23/18 06:04:34 v1.34.5 @ P4V1, New random seeds: 4158737515, 306280864

02/23/18 06:04:34 v1.34.5 @ P4V1, Processing expression: factor(178792656743422116989176665441321609908765654043152089986476395414318909876736227344986723894911743399562478500075230045256750897612013426565178770078484605271)

02/23/18 15:17:12 v1.34.5 @ P4V1, System/Build Info: 
Using GMP-ECM 6.3, Powered by GMP 5.1.1
cached 78498 primes. pmax = 999983
detected Intel(R) Core(TM) i7-7500U CPU @ 2.70GHz
detected L1 = 32768 bytes, L2 = 4194304 bytes, CL = 64 bytes
measured cpu frequency ~= 2903.900860
using 20 random witnesses for Rabin-Miller PRP checks

02/23/18 15:17:12 v1.34.5 @ P4V1, New random seeds: 740095720, 3716161544

02/23/18 15:17:12 v1.34.5 @ P4V1, Processing expression: factor(481198641867289038243532927701020249905433964052522187774270437592775342143784702291483427578470414194602731404343532513840453569385856109993166637836189117235549985093499643724363002153995995953731212190003813128852867940536928597102669895224512199695772684398151784349020282852823384810308548307944122748283)

03/03/18 02:45:28 v1.34.5 @ P4V1, System/Build Info: 
Using GMP-ECM 6.3, Powered by GMP 5.1.1
cached 78498 primes. pmax = 999983
detected Intel(R) Core(TM) i7-7500U CPU @ 2.70GHz
detected L1 = 32768 bytes, L2 = 4194304 bytes, CL = 64 bytes
measured cpu frequency ~= 2903.967760
using 20 random witnesses for Rabin-Miller PRP checks

03/03/18 02:45:28 v1.34.5 @ P4V1, New random seeds: 3574242141, 3358825152

03/03/18 02:45:28 v1.34.5 @ P4V1, Processing expression: factor(130179694811800312207570599375436760545290337088218304459561443227543838919879210106932826718964709957832014565448443505831989481273635332857613422064190271780814608757655668142589722653217662666575372999741816137327886126560719421767007673263336883710369488981181599726557800745601802965236812530181411723711)

03/17/18 12:22:23 v1.34.5 @ P4V1, System/Build Info: 
Using GMP-ECM 6.3, Powered by GMP 5.1.1
cached 78498 primes. pmax = 999983
detected Intel(R) Core(TM) i7-7500U CPU @ 2.70GHz
detected L1 = 32768 bytes, L2 = 4194304 bytes, CL = 64 bytes
measured cpu frequency ~= 2903.968460
using 20 random witnesses for Rabin-Miller PRP checks

03/17/18 12:22:23 v1.34.5 @ P4V1, New random seeds: 157823460, 816089672

03/17/18 12:22:23 v1.34.5 @ P4V1, Processing expression: factor(7988022407582105491008531322706969145232626823197981612770296593112642069183732812236423714293321127359228414993810947667580855819011602182257319554406329)

03/24/18 21:15:52 v1.34.5 @ P4V1, System/Build Info: 
Using GMP-ECM 6.3, Powered by GMP 5.1.1
cached 78498 primes. pmax = 999983
detected Intel(R) Core(TM) i7-7500U CPU @ 2.70GHz
detected L1 = 32768 bytes, L2 = 4194304 bytes, CL = 64 bytes
measured cpu frequency ~= 2903.992170
using 20 random witnesses for Rabin-Miller PRP checks

03/24/18 21:15:52 v1.34.5 @ P4V1, New random seeds: 820282273, 1879438912

03/24/18 21:15:52 v1.34.5 @ P4V1, Processing expression: factor(36511974694593690272644354864534934200522045623187752384823594729275730789191680514905027084950729514148679507005058047146031869995768765034876499069680202424692876360895377987654388335335689563844006584610187090074654410815638237841872991488680663410743679302763304922852173164820002226109196761249018548478251723505481964749218302723593776180246783117481280725673997940309717028451914887375722437833384305529884261542397905220138488012276363046571670926597766521674838665982314321651508118240682649024780239598188845543243957916954287138820155843952556411235376764737602711594439293285811102883736229645274092478611)

04/18/18 00:13:42 v1.34.5 @ P4V1, System/Build Info: 
Using GMP-ECM 6.3, Powered by GMP 5.1.1
cached 78498 primes. pmax = 999983
detected Intel(R) Core(TM) i7-7500U CPU @ 2.70GHz
detected L1 = 32768 bytes, L2 = 4194304 bytes, CL = 64 bytes
measured cpu frequency ~= 2903.987380
using 20 random witnesses for Rabin-Miller PRP checks

04/18/18 00:13:42 v1.34.5 @ P4V1, New random seeds: 1580704892, 1667584104

04/18/18 00:13:42 v1.34.5 @ P4V1, Processing expression: factor(123123)

04/18/18 00:14:33 v1.34.5 @ P4V1, System/Build Info: 
Using GMP-ECM 6.3, Powered by GMP 5.1.1
cached 78498 primes. pmax = 999983
detected Intel(R) Core(TM) i7-7500U CPU @ 2.70GHz
detected L1 = 32768 bytes, L2 = 4194304 bytes, CL = 64 bytes
measured cpu frequency ~= 2903.979070
using 20 random witnesses for Rabin-Miller PRP checks

04/18/18 00:14:33 v1.34.5 @ P4V1, New random seeds: 2271261341, 24489656

04/18/18 00:14:33 v1.34.5 @ P4V1, Processing expression: factor(123123)

04/18/18 00:24:16 v1.34.5 @ P4V1, System/Build Info: 
Using GMP-ECM 6.3, Powered by GMP 5.1.1
cached 78498 primes. pmax = 999983
detected Intel(R) Core(TM) i7-7500U CPU @ 2.70GHz
detected L1 = 32768 bytes, L2 = 4194304 bytes, CL = 64 bytes
measured cpu frequency ~= 2903.952390
using 20 random witnesses for Rabin-Miller PRP checks

04/18/18 00:24:16 v1.34.5 @ P4V1, New random seeds: 642122195, 2565158712

04/18/18 00:24:16 v1.34.5 @ P4V1, Processing expression: factor(36511974694593690272644354864534934200522045623187752384823594729275730789191680514905027084950729514148679507005058047146031869995768765034876499069680202424692876360895377987654388335335689563844006584610187090074654410815638237841872991488680663410743679302763304922852173164820002226109196761249018548478251723505481964749218302723593776180246783117481280725673997940309717028451914887375722437833384305529884261542397905220138488012276363046571670926597766521674838665982314321651508118240682649024780239598188845543243957916954287138820155843952556411235376764737602711594439293285811102883736229645274092478611)

04/18/18 00:25:31 v1.34.5 @ P4V1, System/Build Info: 
Using GMP-ECM 6.3, Powered by GMP 5.1.1
cached 78498 primes. pmax = 999983
detected Intel(R) Core(TM) i7-7500U CPU @ 2.70GHz
detected L1 = 32768 bytes, L2 = 4194304 bytes, CL = 64 bytes
measured cpu frequency ~= 2903.976610
using 20 random witnesses for Rabin-Miller PRP checks

04/18/18 00:25:31 v1.34.5 @ P4V1, New random seeds: 2664812172, 3883719368

04/18/18 00:25:31 v1.34.5 @ P4V1, Processing expression: factor(36511974694593690272644354864534934200522045623187752384823594729275730789191680514905027084950729514148679507005058047146031869995768765034876499069680202424692876360895377987654388335335689563844006584610187090074654410815638237841872991488680663410743679302763304922852173164820002226109196761249018548478251723505481964749218302723593776180246783117481280725673997940309717028451914887375722437833384305529884261542397905220138488012276363046571670926597766521674838665982314321651508118240682649024780239598188845543243957916954287138820155843952556411235376764737602711594439293285811102883736229645274092478611)

04/18/18 00:25:40 v1.34.5 @ P4V1, System/Build Info: 
Using GMP-ECM 6.3, Powered by GMP 5.1.1
cached 78498 primes. pmax = 999983
detected Intel(R) Core(TM) i7-7500U CPU @ 2.70GHz
detected L1 = 32768 bytes, L2 = 4194304 bytes, CL = 64 bytes
measured cpu frequency ~= 2903.969450
using 20 random witnesses for Rabin-Miller PRP checks

04/18/18 00:25:40 v1.34.5 @ P4V1, New random seeds: 2594411646, 3224439040

04/18/18 00:25:40 v1.34.5 @ P4V1, Processing expression: factor(36511974694593690272644354864534934200522045623187752384823594729275730789191680514905027084950729514148679507005058047146031869995768765034876499069680202424692876360895377987654388335335689563844006584610187090074654410815638237841872991488680663410743679302763304922852173164820002226109196761249018548478251723505481964749218302723593776180246783117481280725673997940309717028451914887375722437833384305529884261542397905220138488012276363046571670926597766521674838665982314321651508118240682649024780239598188845543243957916954287138820155843952556411235376764737602711594439293285811102883736229645274092478611)

04/18/18 00:26:12 v1.34.5 @ P4V1, System/Build Info: 
Using GMP-ECM 6.3, Powered by GMP 5.1.1
cached 78498 primes. pmax = 999983
detected Intel(R) Core(TM) i7-7500U CPU @ 2.70GHz
detected L1 = 32768 bytes, L2 = 4194304 bytes, CL = 64 bytes
measured cpu frequency ~= 2903.955150
using 20 random witnesses for Rabin-Miller PRP checks

04/18/18 00:26:12 v1.34.5 @ P4V1, New random seeds: 3254943284, 605473512

04/18/18 00:26:12 v1.34.5 @ P4V1, Processing expression: factor(36511974694593690272644354864534934200522045623187752384823594729275730789191680514905027084950729514148679507005058047146031869995768765034876499069680202424692876360895377987654388335335689563844006584610187090074654410815638237841872991488680663410743679302763304922852173164820002226109196761249018548478251723505481964749218302723593776180246783117481280725673997940309717028451914887375722437833384305529884261542397905220138488012276363046571670926597766521674838665982314321651508118240682649024780239598188845543243957916954287138820155843952556411235376764737602711594439293285811102883736229645274092478611)

